<?xml version="1.0" encoding="UTF-8"?>
<testsuite xmlns:xsi="http://www.w3.org/2001/XMLSchema-instance" xsi:noNamespaceSchemaLocation="https://maven.apache.org/surefire/maven-surefire-plugin/xsd/surefire-test-report.xsd" name="JackpotTest" time="271.303" tests="7" errors="0" skipped="0" failures="1">
  <properties>
[...]
</properties>
  <testcase name="compareThirdPlaceAmount" classname="JackpotTest" time="0.025"/>
  <testcase name="compareAllPoolAmountIsPresented" classname="JackpotTest" time="0.008">
    <failure message="Amount difference (495.554764177047) is not less than 5 with a tolerance of 0.1" type="java.lang.AssertionError">java.lang.AssertionError: Amount difference (495.554764177047) is not less than 5 with a tolerance of 0.1
	at JackpotTest.compareAllPoolAmountIsPresented(JackpotTest.java:51)
</failure>
  </testcase>
  <testcase name="compareFourPlaceAmount" classname="JackpotTest" time="0.003"/>
  <testcase name="compareSecondPlaceAmount" classname="JackpotTest" time="0.002"/>
  <testcase name="comparePriseWithFiveUSDT" classname="JackpotTest" time="0.006"/>
  <testcase name="compareFivePlaceAmount" classname="JackpotTest" time="0.002"/>
  <testcase name="compareFirstPlaceAmount" classname="JackpotTest" time="0.002"/>
</testsuite>